<?xml version="1.0" encoding="UTF-8"?>
<!-- Generated by org.testng.reporters.JUnitReportReporter -->
<testsuite hostname="Naresh-PC" name="Assessment.DDT" tests="1" failures="0" timestamp="27 Dec 2018 22:14:37 GMT" time="12.648" errors="0">
  <testcase name="assessment" time="12.648" classname="Assessment.DDT"/>
</testsuite> <!-- Assessment.DDT -->
